<?xml version="1.0" encoding="UTF-8"?>
<!-- Generated by org.testng.reporters.JUnitXMLReporter -->
<testsuite ignored="0" hostname="USER" failures="0" tests="7" name="Test" time="149.776" errors="0" timestamp="2025-03-17T10:35:05 IST">
  <testcase classname="TestPackage.ContactTest" name="CreateContact" time="12.817"/>
  <testcase classname="TestPackage.ContactTest" name="CreateContact" time="12.752"/>
  <testcase classname="TestPackage.ContactTest" name="CreateContact" time="12.955"/>
  <testcase classname="TestPackage.AttributeTest" name="moveToCalendarPage" time="7.083"/>
  <testcase classname="TestPackage.AttributeTest" name="moveToContactsPage" time="7.006"/>
  <testcase classname="TestPackage.AttributeTest" name="moveToLeadsPage" time="7.74"/>
  <testcase classname="TestPackage.AttributeTest" name="moveToOrganizationPage" time="6.297"/>
</testsuite> <!-- Test -->
