<?xml version="1.0" encoding="UTF-8"?>
<!-- Generated by org.testng.reporters.JUnitXMLReporter -->
<testsuite ignored="0" hostname="USER" failures="0" tests="7" name="Test" time="154.921" errors="0" timestamp="2025-03-17T13:10:52 IST">
  <testcase classname="TestPackage.ContactTest" name="CreateContact" time="18.491"/>
  <testcase classname="TestPackage.ContactTest" name="CreateContact" time="17.261"/>
  <testcase classname="TestPackage.ContactTest" name="CreateContact" time="18.633"/>
  <testcase classname="TestPackage.AttributeTest" name="moveToCalendarPage" time="5.596"/>
  <testcase classname="TestPackage.AttributeTest" name="moveToContactsPage" time="8.843"/>
  <testcase classname="TestPackage.AttributeTest" name="moveToLeadsPage" time="8.35"/>
  <testcase classname="TestPackage.AttributeTest" name="moveToOrganizationPage" time="4.588"/>
</testsuite> <!-- Test -->
