<?xml version="1.0" encoding="UTF-8"?>
<!-- Generated by org.testng.reporters.JUnitXMLReporter -->
<testsuite ignored="0" hostname="USER" failures="0" tests="4" name="Test5" time="88.931" errors="0" timestamp="2025-03-14T12:19:38 IST">
  <testcase classname="TestPackage.AttributeTest" name="moveToCalendarPage" time="9.669"/>
  <testcase classname="TestPackage.AttributeTest" name="moveToContactsPage" time="7.916"/>
  <testcase classname="TestPackage.AttributeTest" name="moveToLeadsPage" time="8.667"/>
  <testcase classname="TestPackage.AttributeTest" name="moveToOrganizationPage" time="9.695"/>
</testsuite> <!-- Test5 -->
