<?xml version="1.0" encoding="UTF-8"?>
<!-- Generated by org.testng.reporters.JUnitXMLReporter -->
<testsuite ignored="0" hostname="USER" failures="0" tests="3" name="Test4" time="99.678" errors="0" timestamp="2025-03-14T12:19:49 IST">
  <testcase classname="TestPackage.ContactTest" name="CreateContact" time="25.416"/>
  <testcase classname="TestPackage.ContactTest" name="CreateContact" time="16.434"/>
  <testcase classname="TestPackage.ContactTest" name="CreateContact" time="18.274"/>
</testsuite> <!-- Test4 -->
