<?xml version="1.0" encoding="UTF-8"?>
<!-- Generated by org.testng.reporters.JUnitXMLReporter -->
<testsuite ignored="0" hostname="USER" failures="0" tests="3" name="ContactTest" time="80.579" errors="0" timestamp="2025-03-14T14:35:02 IST">
  <testcase classname="TestPackage.ContactTest" name="CreateContact" time="17.412"/>
  <testcase classname="TestPackage.ContactTest" name="CreateContact" time="18.519"/>
  <testcase classname="TestPackage.ContactTest" name="CreateContact" time="17.76"/>
</testsuite> <!-- ContactTest -->
