<?xml version="1.0" encoding="UTF-8"?>
<!-- Generated by org.testng.reporters.JUnitXMLReporter -->
<testsuite ignored="2" hostname="USER" failures="1" tests="7" name="GroupTest" time="98.224" errors="0" timestamp="2025-03-13T11:56:29 IST">
  <testcase classname="TestPackage.LeadsTest" name="CreateLead" time="8.646">
    <failure type="java.lang.NullPointerException" message="Cannot invoke &amp;quot;ObjectRepository.LeadsPage.SalutationDropdown(String)&amp;quot; because &amp;quot;this.leadp&amp;quot; is null">
      <![CDATA[java.lang.NullPointerException: Cannot invoke "ObjectRepository.LeadsPage.SalutationDropdown(String)" because "this.leadp" is null
at TestPackage.LeadsTest.CreateLead(LeadsTest.java:12)
at java.base/java.util.ArrayList.forEach(ArrayList.java:1597)
... Removed 25 stack frames]]>
    </failure>
  </testcase> <!-- CreateLead -->
  <testcase classname="TestPackage.ScenarioTest2" name="TestCase3" time="0.006"/>
  <testcase classname="TestPackage.VerificationClass" name="verify" time="0.011"/>
  <testcase classname="TestPackage.ContactTest" name="CreateContact" time="18.561"/>
  <testcase classname="TestPackage.AttributeTest" name="moveToContactsPage" time="5.224"/>
  <testcase classname="TestPackage.AttributeTest" name="moveToLeadsPage" time="8.279"/>
  <testcase classname="TestPackage.AttributeTest" name="moveToOrganizationPage" time="8.242"/>
  <testcase classname="TestPackage.ScenarioTest2" name="TestCase4" time="0.0">
    <ignored/>
  </testcase> <!-- TestCase4 -->
  <testcase classname="TestPackage.AttributeTest" name="moveToCalendarPage" time="0.0">
    <ignored/>
  </testcase> <!-- moveToCalendarPage -->
</testsuite> <!-- GroupTest -->
